usage: run_pipeline.py [-h] [-device DEVICE]
                       [-model {dbs,bs,greedy,topp,temp,bs_recom,sample_recom,bfs,bfs_recom}]
                       [-beam_size BEAM_SIZE] [-nexample NEXAMPLE]
                       [-task {sum,mt1n,mtn1,custom}] [-dataset DATASET]
                       [-hf_model_name HF_MODEL_NAME]
                       [-path_output PATH_OUTPUT] [-top_p TOP_P] [-temp TEMP]
                       [-beam_group BEAM_GROUP]
                       [-hamming_penalty HAMMING_PENALTY]
                       [-extra_steps EXTRA_STEPS] [-min_len MIN_LEN]
                       [-max_len MAX_LEN]
                       [-num_beam_hyps_to_keep NUM_BEAM_HYPS_TO_KEEP]
                       [-ngram_suffix NGRAM_SUFFIX] [-len_diff LEN_DIFF]
                       [-k_best K_BEST] [-avg_score AVG_SCORE]
                       [-use_heu [USE_HEU]] [-post [POST]]
                       [-dfs_expand [DFS_EXPAND]] [-post_ratio POST_RATIO]
                       [-heu_seq_score HEU_SEQ_SCORE]
                       [-heu_seq_score_len_rwd HEU_SEQ_SCORE_LEN_RWD]
                       [-heu_pos HEU_POS] [-heu_ent HEU_ENT]
                       [-heu_word HEU_WORD] [-merge {zip,rcb,none}]
run_pipeline.py: error: unrecognized arguments: -startexample 6000
